<?xml version="1.0" encoding="UTF-8"?>
<!-- Generated by org.testng.reporters.JUnitXMLReporter -->
<testsuite hostname="DESKTOP-HRAE54G" ignored="0" name="Command line test" tests="13" failures="0" timestamp="2022-06-01T23:40:51 CDT" time="150.417" errors="0">
  <testcase name="testCarsHeading" time="6.529" classname="scripts.TestCase1"/>
  <testcase name="testCarsParagraph" time="6.218" classname="scripts.TestCase1"/>
  <testcase name="testEmailInputAndLabel" time="5.307" classname="scripts.TestCase1"/>
  <testcase name="testForgotPassword" time="5.656" classname="scripts.TestCase1"/>
  <testcase name="testPasswordInputAndLabel" time="6.016" classname="scripts.TestCase1"/>
  <testcase name="testPasswordMinChars" time="4.804" classname="scripts.TestCase1"/>
  <testcase name="testPrivacyStatementText" time="4.616" classname="scripts.TestCase1"/>
  <testcase name="testSignInButton" time="5.041" classname="scripts.TestCase1"/>
  <testcase name="testConnectSocialHeader" time="5.167" classname="scripts.TestCase2"/>
  <testcase name="testSignInApple" time="4.534" classname="scripts.TestCase2"/>
  <testcase name="testSignInFacebook" time="4.981" classname="scripts.TestCase2"/>
  <testcase name="testSignInGoogle" time="4.849" classname="scripts.TestCase2"/>
  <testcase name="testInvalidCredentials" time="7.217" classname="scripts.TestCase3"/>
</testsuite> <!-- Command line test -->
